RUN	com.exempletest.CumputaterDatabase	cumputaterdatabase	1662589203172	 	3.6.1
USER	CumputaterDatabase	START	1662589204128
USER	CumputaterDatabase	START	1662589204128
USER	CumputaterDatabase	START	1662589204128
USER	CumputaterDatabase	START	1662589204128
USER	CumputaterDatabase	START	1662589204128
USER	CumputaterDatabase	START	1662589204128
USER	CumputaterDatabase	START	1662589204128
USER	CumputaterDatabase	START	1662589204128
USER	CumputaterDatabase	START	1662589204128
USER	CumputaterDatabase	START	1662589204128
REQUEST		CumputaterDatabaseNew	1662589204158	1662589204533	OK	 
REQUEST		CumputaterDatabaseNew	1662589204158	1662589204533	OK	 
REQUEST		CumputaterDatabaseNew	1662589204158	1662589204533	OK	 
REQUEST		CumputaterDatabaseNew	1662589204158	1662589204533	OK	 
REQUEST		CumputaterDatabaseNew	1662589204158	1662589204533	OK	 
REQUEST		CumputaterDatabaseNew	1662589204158	1662589204533	OK	 
REQUEST		CumputaterDatabaseNew	1662589204158	1662589204533	OK	 
REQUEST		CumputaterDatabaseNew	1662589204158	1662589204533	OK	 
REQUEST		CumputaterDatabaseNew	1662589204158	1662589204533	OK	 
REQUEST		CumputaterDatabaseNew	1662589204158	1662589204533	OK	 
REQUEST		CumputaterDatabaseNew Redirect 1	1662589204550	1662589204640	OK	 
REQUEST		CumputaterDatabaseNew Redirect 1	1662589204551	1662589204640	OK	 
REQUEST		CumputaterDatabaseNew Redirect 1	1662589204550	1662589204640	OK	 
REQUEST		CumputaterDatabaseNew Redirect 1	1662589204550	1662589204640	KO	status.find.in(200,201,202,203,204,205,206,207,208,209,304), found 429
REQUEST		CumputaterDatabaseNew Redirect 1	1662589204550	1662589204640	KO	status.find.in(200,201,202,203,204,205,206,207,208,209,304), found 429
REQUEST		CumputaterDatabaseNew Redirect 1	1662589204550	1662589204640	KO	status.find.in(200,201,202,203,204,205,206,207,208,209,304), found 429
REQUEST		CumputaterDatabaseNew Redirect 1	1662589204550	1662589204640	KO	status.find.in(200,201,202,203,204,205,206,207,208,209,304), found 429
REQUEST		CumputaterDatabaseNew Redirect 1	1662589204550	1662589204640	KO	status.find.in(200,201,202,203,204,205,206,207,208,209,304), found 429
REQUEST		CumputaterDatabaseNew Redirect 1	1662589204551	1662589204640	KO	status.find.in(200,201,202,203,204,205,206,207,208,209,304), found 429
REQUEST		CumputaterDatabaseNew Redirect 1	1662589204551	1662589204640	KO	status.find.in(200,201,202,203,204,205,206,207,208,209,304), found 429
USER	CumputaterDatabase	END	1662589204660
USER	CumputaterDatabase	END	1662589204660
USER	CumputaterDatabase	END	1662589204660
USER	CumputaterDatabase	END	1662589204660
USER	CumputaterDatabase	END	1662589204661
USER	CumputaterDatabase	END	1662589204661
USER	CumputaterDatabase	END	1662589204661
REQUEST		bootstrap.min.css	1662589204708	1662589204974	OK	 
REQUEST		bootstrap.min.css	1662589204708	1662589204982	OK	 
REQUEST		bootstrap.min.css	1662589204708	1662589204982	OK	 
REQUEST		main.css	1662589204709	1662589205075	OK	 
REQUEST		main.css	1662589204709	1662589205075	OK	 
REQUEST		main.css	1662589204709	1662589205075	OK	 
USER	CumputaterDatabase	END	1662589205077
USER	CumputaterDatabase	END	1662589205077
USER	CumputaterDatabase	END	1662589205077
