RUN	com.exempletest.CumputaterDatabase	cumputaterdatabase	1662638785743	 	3.6.1
USER	CumputaterDatabase	START	1662638787681
REQUEST		CumputaterDatabaseNew	1662638787713	1662638788417	OK	 
USER	CumputaterDatabase	START	1662638788677
REQUEST		CumputaterDatabaseNew Redirect 1	1662638788440	1662638788726	OK	 
REQUEST		CumputaterDatabaseNew	1662638788678	1662638789537	OK	 
REQUEST		bootstrap.min.css	1662638788845	1662638789540	OK	 
REQUEST		CumputaterDatabaseNew Redirect 1	1662638789538	1662638789639	OK	 
USER	CumputaterDatabase	START	1662638789670
REQUEST		main.css	1662638788846	1662638789742	OK	 
USER	CumputaterDatabase	END	1662638789750
REQUEST		bootstrap.min.css	1662638789644	1662638790049	OK	 
REQUEST		main.css	1662638789646	1662638790264	OK	 
USER	CumputaterDatabase	END	1662638790266
REQUEST		CumputaterDatabaseNew	1662638789671	1662638790356	OK	 
REQUEST		CumputaterDatabaseNew Redirect 1	1662638790357	1662638790562	OK	 
USER	CumputaterDatabase	START	1662638790671
REQUEST		bootstrap.min.css	1662638790567	1662638791032	OK	 
REQUEST		main.css	1662638790569	1662638791140	OK	 
USER	CumputaterDatabase	END	1662638791150
REQUEST		CumputaterDatabaseNew	1662638790672	1662638791236	OK	 
REQUEST		CumputaterDatabaseNew Redirect 1	1662638791237	1662638791335	OK	 
REQUEST		bootstrap.min.css	1662638791339	1662638791614	OK	 
USER	CumputaterDatabase	START	1662638791676
REQUEST		main.css	1662638791341	1662638791695	OK	 
USER	CumputaterDatabase	END	1662638791697
REQUEST		CumputaterDatabaseNew	1662638791678	1662638792052	OK	 
REQUEST		CumputaterDatabaseNew Redirect 1	1662638792053	1662638792145	OK	 
REQUEST		bootstrap.min.css	1662638792149	1662638792423	OK	 
REQUEST		main.css	1662638792150	1662638792533	OK	 
USER	CumputaterDatabase	END	1662638792534
USER	CumputaterDatabase	START	1662638792662
REQUEST		CumputaterDatabaseNew	1662638792665	1662638793044	OK	 
REQUEST		CumputaterDatabaseNew Redirect 1	1662638793045	1662638793137	OK	 
REQUEST		bootstrap.min.css	1662638793140	1662638793402	OK	 
REQUEST		main.css	1662638793141	1662638793512	OK	 
USER	CumputaterDatabase	END	1662638793513
USER	CumputaterDatabase	START	1662638793661
REQUEST		CumputaterDatabaseNew	1662638793662	1662638794040	OK	 
REQUEST		CumputaterDatabaseNew Redirect 1	1662638794040	1662638794137	OK	 
REQUEST		bootstrap.min.css	1662638794140	1662638794415	OK	 
REQUEST		main.css	1662638794140	1662638794523	OK	 
USER	CumputaterDatabase	END	1662638794525
USER	CumputaterDatabase	START	1662638794674
REQUEST		CumputaterDatabaseNew	1662638794675	1662638795053	OK	 
REQUEST		CumputaterDatabaseNew Redirect 1	1662638795054	1662638795160	OK	 
REQUEST		bootstrap.min.css	1662638795164	1662638795451	OK	 
REQUEST		main.css	1662638795165	1662638795526	OK	 
USER	CumputaterDatabase	END	1662638795528
USER	CumputaterDatabase	START	1662638795662
REQUEST		CumputaterDatabaseNew	1662638795663	1662638796023	OK	 
REQUEST		CumputaterDatabaseNew Redirect 1	1662638796024	1662638796112	OK	 
REQUEST		bootstrap.min.css	1662638796115	1662638796382	OK	 
REQUEST		main.css	1662638796116	1662638796489	OK	 
USER	CumputaterDatabase	END	1662638796491
USER	CumputaterDatabase	START	1662638796672
REQUEST		CumputaterDatabaseNew	1662638796673	1662638797031	OK	 
REQUEST		CumputaterDatabaseNew Redirect 1	1662638797033	1662638797124	OK	 
REQUEST		bootstrap.min.css	1662638797128	1662638797390	OK	 
REQUEST		main.css	1662638797129	1662638797483	OK	 
USER	CumputaterDatabase	END	1662638797485
