RUN	basicpage.PostPutDeleteAPIDemo	postputdeleteapidemo	1662658203132	 	3.6.1
ERROR	update user req: Failed to build request: Resource data/user.json not found 	1662658204886
USER	Update User	START	1662658204866
USER	Create User	START	1662658204865
USER	Delete User	START	1662658204873
ERROR	update user req: Failed to build request: Resource data/user.json not found 	1662658205355
USER	Delete User	START	1662658205354
USER	Update User	START	1662658205354
USER	Create User	START	1662658205354
REQUEST		delete user req	1662658204900	1662658205723	OK	 
REQUEST		delete user req	1662658205355	1662658205723	OK	 
REQUEST		create user req	1662658205355	1662658205726	KO	jsonPath($.name).find.is(Raghav), but actually found John
REQUEST		create user req	1662658204900	1662658205726	KO	jsonPath($.name).find.is(Raghav), but actually found John
ERROR	update user req: Failed to build request: Resource data/user.json not found 	1662658205853
USER	Update User	START	1662658205853
USER	Create User	START	1662658205851
USER	Delete User	START	1662658205851
USER	Update User	END	1662658205901
REQUEST		delete user req	1662658205852	1662658206130	OK	 
REQUEST		create user req	1662658205852	1662658206130	KO	jsonPath($.name).find.is(Raghav), but actually found John
ERROR	update user req: Failed to build request: Resource data/user.json not found 	1662658206350
USER	Update User	START	1662658206350
USER	Update User	END	1662658206365
USER	Create User	START	1662658206365
REQUEST		create user req	1662658206366	1662658206642	KO	jsonPath($.name).find.is(Raghav), but actually found John
USER	Delete User	END	1662658206759
USER	Delete User	END	1662658206759
USER	Create User	END	1662658206834
USER	Create User	END	1662658206834
ERROR	update user req: Failed to build request: Resource data/user.json not found 	1662658206849
USER	Update User	START	1662658206849
USER	Update User	END	1662658206865
USER	Create User	START	1662658206865
USER	Delete User	END	1662658207145
USER	Create User	END	1662658207145
USER	Create User	START	1662658207346
REQUEST		create user req	1662658206866	1662658207356	KO	jsonPath($.name).find.is(Raghav), but actually found John
USER	Update User	END	1662658207361
USER	Create User	END	1662658207657
USER	Create User	START	1662658207843
USER	Update User	END	1662658207858
REQUEST		create user req	1662658207347	1662658207882	KO	jsonPath($.name).find.is(Raghav), but actually found John
REQUEST		create user req	1662658207844	1662658208023	KO	jsonPath($.name).find.is(Raghav), but actually found John
USER	Create User	START	1662658208355
USER	Create User	END	1662658208370
REQUEST		create user req	1662658208355	1662658208454	KO	jsonPath($.name).find.is(Raghav), but actually found John
USER	Create User	START	1662658208855
USER	Create User	END	1662658208901
REQUEST		create user req	1662658208855	1662658208952	KO	jsonPath($.name).find.is(Raghav), but actually found John
USER	Create User	END	1662658209041
USER	Create User	START	1662658209350
USER	Create User	END	1662658209460
REQUEST		create user req	1662658209352	1662658209464	KO	jsonPath($.name).find.is(Raghav), but actually found John
USER	Create User	END	1662658209958
USER	Create User	END	1662658210475
