RUN	basicpage.PostPutDeleteAPIDemo	postputdeleteapidemo	1662658079009	 	3.6.1
ERROR	update user req: Failed to build request: Resource data/user.json not found 	1662658080668
ERROR	create user req: Failed to build request: Resource data/user.json not found 	1662658080668
USER	Create User	START	1662658080646
USER	Update User	START	1662658080647
USER	Delete User	START	1662658080651
ERROR	update user req: Failed to build request: Resource data/user.json not found 	1662658081128
USER	Update User	START	1662658081128
USER	Delete User	START	1662658081128
ERROR	create user req: Failed to build request: Resource data/user.json not found 	1662658081144
USER	Create User	START	1662658081144
REQUEST		delete user req	1662658080682	1662658081513	OK	 
REQUEST		delete user req	1662658081129	1662658081513	OK	 
ERROR	create user req: Failed to build request: Resource data/user.json not found 	1662658081641
ERROR	update user req: Failed to build request: Resource data/user.json not found 	1662658081641
USER	Create User	START	1662658081641
USER	Update User	START	1662658081641
USER	Delete User	START	1662658081641
USER	Create User	END	1662658081692
USER	Update User	END	1662658081692
REQUEST		delete user req	1662658081642	1662658081920	OK	 
ERROR	update user req: Failed to build request: Resource data/user.json not found 	1662658082128
USER	Update User	START	1662658082128
ERROR	create user req: Failed to build request: Resource data/user.json not found 	1662658082144
USER	Update User	END	1662658082144
USER	Create User	START	1662658082144
USER	Create User	END	1662658082159
USER	Delete User	END	1662658082552
USER	Delete User	END	1662658082554
ERROR	create user req: Failed to build request: Resource data/user.json not found 	1662658082642
ERROR	update user req: Failed to build request: Resource data/user.json not found 	1662658082642
USER	Update User	START	1662658082642
USER	Create User	START	1662658082642
USER	Update User	END	1662658082656
USER	Create User	END	1662658082656
USER	Delete User	END	1662658082937
ERROR	create user req: Failed to build request: Resource data/user.json not found 	1662658083138
USER	Update User	END	1662658083137
USER	Create User	START	1662658083137
USER	Create User	END	1662658083153
ERROR	create user req: Failed to build request: Resource data/user.json not found 	1662658083637
USER	Create User	START	1662658083636
USER	Create User	END	1662658083652
USER	Update User	END	1662658083652
ERROR	create user req: Failed to build request: Resource data/user.json not found 	1662658084136
USER	Create User	START	1662658084135
USER	Create User	END	1662658084150
ERROR	create user req: Failed to build request: Resource data/user.json not found 	1662658084634
USER	Create User	START	1662658084634
USER	Create User	END	1662658084650
ERROR	create user req: Failed to build request: Resource data/user.json not found 	1662658085133
USER	Create User	START	1662658085133
USER	Create User	END	1662658085149
USER	Create User	END	1662658085646
USER	Create User	END	1662658086143
