RUN	basicpage.PostPutDeleteAPIDemo	postputdeleteapidemo	1662658328070	 	3.6.1
ERROR	update user req: Failed to build request: Resource data/user.json not found 	1662658329800
USER	Update User	START	1662658329779
USER	Delete User	START	1662658329783
USER	Create User	START	1662658329778
ERROR	update user req: Failed to build request: Resource data/user.json not found 	1662658330261
USER	Update User	START	1662658330261
USER	Delete User	START	1662658330261
USER	Create User	START	1662658330277
REQUEST		delete user req	1662658329814	1662658330650	OK	 
REQUEST		delete user req	1662658330262	1662658330650	OK	 
REQUEST		create user req	1662658329814	1662658330653	OK	 
REQUEST		create user req	1662658330277	1662658330653	OK	 
ERROR	update user req: Failed to build request: Resource data/user.json not found 	1662658330761
USER	Update User	START	1662658330760
USER	Delete User	START	1662658330760
USER	Create User	START	1662658330776
USER	Update User	END	1662658330826
REQUEST		delete user req	1662658330761	1662658330954	OK	 
REQUEST		create user req	1662658330776	1662658330954	OK	 
ERROR	update user req: Failed to build request: Resource data/user.json not found 	1662658331260
USER	Update User	START	1662658331260
USER	Update User	END	1662658331275
USER	Create User	START	1662658331275
REQUEST		create user req	1662658331276	1662658331568	OK	 
USER	Delete User	END	1662658331684
USER	Delete User	END	1662658331684
USER	Create User	END	1662658331728
USER	Create User	END	1662658331728
ERROR	update user req: Failed to build request: Resource data/user.json not found 	1662658331774
USER	Update User	START	1662658331773
USER	Update User	END	1662658331773
USER	Create User	START	1662658331774
USER	Delete User	END	1662658331961
USER	Create User	END	1662658331961
REQUEST		create user req	1662658331775	1662658331977	OK	 
USER	Update User	END	1662658332272
USER	Create User	START	1662658332272
REQUEST		create user req	1662658332273	1662658332490	OK	 
USER	Create User	END	1662658332582
USER	Create User	START	1662658332767
USER	Update User	END	1662658332783
REQUEST		create user req	1662658332769	1662658332891	OK	 
USER	Create User	END	1662658332987
USER	Create User	START	1662658333265
REQUEST		create user req	1662658333266	1662658333443	OK	 
USER	Create User	END	1662658333499
USER	Create User	START	1662658333780
REQUEST		create user req	1662658333781	1662658333877	OK	 
USER	Create User	END	1662658333905
USER	Create User	START	1662658334262
REQUEST		create user req	1662658334263	1662658334370	OK	 
USER	Create User	END	1662658334450
USER	Create User	END	1662658334887
USER	Create User	END	1662658335388
